# JRE version: Java(TM) SE Runtime Environment (8.0_241-b07) (build 1.8.0_241-b07)
# Java VM: Java HotSpot(TM) 64-Bit Server VM (25.241-b07 mixed mode windows-amd64 compressed oops)
Heap:
 PSYoungGen      total 149504K, used 8062K [0x00000000eb700000, 0x00000000f6f80000, 0x0000000100000000)
  eden space 140288K, 0% used [0x00000000eb700000,0x00000000eb700000,0x00000000f4000000)
  from space 9216K, 87% used [0x00000000f4a00000,0x00000000f51dfb30,0x00000000f5300000)
  to   space 10240K, 0% used [0x00000000f4000000,0x00000000f4000000,0x00000000f4a00000)
 ParOldGen       total 30720K, used 11528K [0x00000000c2400000, 0x00000000c4200000, 0x00000000eb700000)
  object space 30720K, 37% used [0x00000000c2400000,0x00000000c2f42090,0x00000000c4200000)
 Metaspace       used 33605K, capacity 35390K, committed 35496K, reserved 1079296K
  class space    used 4656K, capacity 4998K, committed 5032K, reserved 1048576K
GC Heap History (10 events):
Event: 2.064 GC heap after
Heap after GC invocations=7 (full 0):
 PSYoungGen      total 69120K, used 2796K [0x00000000eb700000, 0x00000000f3e00000, 0x0000000100000000)
  eden space 62464K, 0% used [0x00000000eb700000,0x00000000eb700000,0x00000000ef400000)
  from space 6656K, 42% used [0x00000000ef400000,0x00000000ef6bb1b8,0x00000000efa80000)
  to   space 6656K, 0% used [0x00000000f3780000,0x00000000f3780000,0x00000000f3e00000)
 ParOldGen       total 42496K, used 9759K [0x00000000c2400000, 0x00000000c4d80000, 0x00000000eb700000)
  object space 42496K, 22% used [0x00000000c2400000,0x00000000c2d87df0,0x00000000c4d80000)
 Metaspace       used 20589K, capacity 21266K, committed 21296K, reserved 1067008K
  class space    used 2744K, capacity 2926K, committed 2944K, reserved 1048576K
}
Event: 2.064 GC heap before
{Heap before GC invocations=8 (full 1):
 PSYoungGen      total 69120K, used 2796K [0x00000000eb700000, 0x00000000f3e00000, 0x0000000100000000)
  eden space 62464K, 0% used [0x00000000eb700000,0x00000000eb700000,0x00000000ef400000)
  from space 6656K, 42% used [0x00000000ef400000,0x00000000ef6bb1b8,0x00000000efa80000)
  to   space 6656K, 0% used [0x00000000f3780000,0x00000000f3780000,0x00000000f3e00000)
 ParOldGen       total 42496K, used 9759K [0x00000000c2400000, 0x00000000c4d80000, 0x00000000eb700000)
  object space 42496K, 22% used [0x00000000c2400000,0x00000000c2d87df0,0x00000000c4d80000)
 Metaspace       used 20589K, capacity 21266K, committed 21296K, reserved 1067008K
  class space    used 2744K, capacity 2926K, committed 2944K, reserved 1048576K
Event: 2.111 GC heap after
Heap after GC invocations=8 (full 1):
 PSYoungGen      total 69120K, used 0K [0x00000000eb700000, 0x00000000f3e00000, 0x0000000100000000)
  eden space 62464K, 0% used [0x00000000eb700000,0x00000000eb700000,0x00000000ef400000)
  from space 6656K, 0% used [0x00000000ef400000,0x00000000ef400000,0x00000000efa80000)
  to   space 6656K, 0% used [0x00000000f3780000,0x00000000f3780000,0x00000000f3e00000)
 ParOldGen       total 30720K, used 6561K [0x00000000c2400000, 0x00000000c4200000, 0x00000000eb700000)
  object space 30720K, 21% used [0x00000000c2400000,0x00000000c2a685c8,0x00000000c4200000)
 Metaspace       used 20587K, capacity 21260K, committed 21296K, reserved 1067008K
  class space    used 2743K, capacity 2925K, committed 2944K, reserved 1048576K
}
Event: 2.932 GC heap before
{Heap before GC invocations=9 (full 1):
 PSYoungGen      total 69120K, used 62464K [0x00000000eb700000, 0x00000000f3e00000, 0x0000000100000000)
  eden space 62464K, 100% used [0x00000000eb700000,0x00000000ef400000,0x00000000ef400000)
  from space 6656K, 0% used [0x00000000ef400000,0x00000000ef400000,0x00000000efa80000)
  to   space 6656K, 0% used [0x00000000f3780000,0x00000000f3780000,0x00000000f3e00000)
 ParOldGen       total 30720K, used 6561K [0x00000000c2400000, 0x00000000c4200000, 0x00000000eb700000)
  object space 30720K, 21% used [0x00000000c2400000,0x00000000c2a685c8,0x00000000c4200000)
 Metaspace       used 23534K, capacity 24570K, committed 24832K, reserved 1071104K
  class space    used 3227K, capacity 3466K, committed 3584K, reserved 1048576K
Event: 2.941 GC heap after
Heap after GC invocations=9 (full 1):
 PSYoungGen      total 110080K, used 6252K [0x00000000eb700000, 0x00000000f3e00000, 0x0000000100000000)
  eden space 103424K, 0% used [0x00000000eb700000,0x00000000eb700000,0x00000000f1c00000)
  from space 6656K, 93% used [0x00000000f3780000,0x00000000f3d9b018,0x00000000f3e00000)
  to   space 7168K, 0% used [0x00000000f3000000,0x00000000f3000000,0x00000000f3700000)
 ParOldGen       total 30720K, used 6569K [0x00000000c2400000, 0x00000000c4200000, 0x00000000eb700000)
  object space 30720K, 21% used [0x00000000c2400000,0x00000000c2a6a5c8,0x00000000c4200000)
 Metaspace       used 23534K, capacity 24570K, committed 24832K, reserved 1071104K
  class space    used 3227K, capacity 3466K, committed 3584K, reserved 1048576K
}
Event: 4.005 GC heap before
{Heap before GC invocations=10 (full 1):
 PSYoungGen      total 110080K, used 109676K [0x00000000eb700000, 0x00000000f3e00000, 0x0000000100000000)
  eden space 103424K, 100% used [0x00000000eb700000,0x00000000f1c00000,0x00000000f1c00000)
  from space 6656K, 93% used [0x00000000f3780000,0x00000000f3d9b018,0x00000000f3e00000)
  to   space 7168K, 0% used [0x00000000f3000000,0x00000000f3000000,0x00000000f3700000)
 ParOldGen       total 30720K, used 6569K [0x00000000c2400000, 0x00000000c4200000, 0x00000000eb700000)
  object space 30720K, 21% used [0x00000000c2400000,0x00000000c2a6a5c8,0x00000000c4200000)
 Metaspace       used 29783K, capacity 31488K, committed 31872K, reserved 1077248K
  class space    used 4040K, capacity 4379K, committed 4480K, reserved 1048576K
Event: 4.019 GC heap after
Heap after GC invocations=10 (full 1):
 PSYoungGen      total 131072K, used 7141K [0x00000000eb700000, 0x00000000f5300000, 0x0000000100000000)
  eden space 123904K, 0% used [0x00000000eb700000,0x00000000eb700000,0x00000000f3000000)
  from space 7168K, 99% used [0x00000000f3000000,0x00000000f36f9578,0x00000000f3700000)
  to   space 9216K, 0% used [0x00000000f4a00000,0x00000000f4a00000,0x00000000f5300000)
 ParOldGen       total 30720K, used 9318K [0x00000000c2400000, 0x00000000c4200000, 0x00000000eb700000)
  object space 30720K, 30% used [0x00000000c2400000,0x00000000c2d199b8,0x00000000c4200000)
 Metaspace       used 29783K, capacity 31488K, committed 31872K, reserved 1077248K
  class space    used 4040K, capacity 4379K, committed 4480K, reserved 1048576K
}
Event: 4.513 GC heap before
{Heap before GC invocations=11 (full 1):
 PSYoungGen      total 131072K, used 38690K [0x00000000eb700000, 0x00000000f5300000, 0x0000000100000000)
  eden space 123904K, 25% used [0x00000000eb700000,0x00000000ed5cf3f0,0x00000000f3000000)
  from space 7168K, 99% used [0x00000000f3000000,0x00000000f36f9578,0x00000000f3700000)
  to   space 9216K, 0% used [0x00000000f4a00000,0x00000000f4a00000,0x00000000f5300000)
 ParOldGen       total 30720K, used 9318K [0x00000000c2400000, 0x00000000c4200000, 0x00000000eb700000)
  object space 30720K, 30% used [0x00000000c2400000,0x00000000c2d199b8,0x00000000c4200000)
 Metaspace       used 33605K, capacity 35390K, committed 35496K, reserved 1079296K
  class space    used 4656K, capacity 4998K, committed 5032K, reserved 1048576K
Event: 4.528 GC heap after
Heap after GC invocations=11 (full 1):
 PSYoungGen      total 149504K, used 8062K [0x00000000eb700000, 0x00000000f6f80000, 0x0000000100000000)
  eden space 140288K, 0% used [0x00000000eb700000,0x00000000eb700000,0x00000000f4000000)
  from space 9216K, 87% used [0x00000000f4a00000,0x00000000f51dfb30,0x00000000f5300000)
  to   space 10240K, 0% used [0x00000000f4000000,0x00000000f4000000,0x00000000f4a00000)
 ParOldGen       total 30720K, used 11528K [0x00000000c2400000, 0x00000000c4200000, 0x00000000eb700000)
  object space 30720K, 37% used [0x00000000c2400000,0x00000000c2f42090,0x00000000c4200000)
 Metaspace       used 33605K, capacity 35390K, committed 35496K, reserved 1079296K
  class space    used 4656K, capacity 4998K, committed 5032K, reserved 1048576K
}
Event: 4.528 GC heap before
{Heap before GC invocations=12 (full 2):
 PSYoungGen      total 149504K, used 8062K [0x00000000eb700000, 0x00000000f6f80000, 0x0000000100000000)
  eden space 140288K, 0% used [0x00000000eb700000,0x00000000eb700000,0x00000000f4000000)
  from space 9216K, 87% used [0x00000000f4a00000,0x00000000f51dfb30,0x00000000f5300000)
  to   space 10240K, 0% used [0x00000000f4000000,0x00000000f4000000,0x00000000f4a00000)
 ParOldGen       total 30720K, used 11528K [0x00000000c2400000, 0x00000000c4200000, 0x00000000eb700000)
  object space 30720K, 37% used [0x00000000c2400000,0x00000000c2f42090,0x00000000c4200000)
 Metaspace       used 33605K, capacity 35390K, committed 35496K, reserved 1079296K
  class space    used 4656K, capacity 4998K, committed 5032K, reserved 1048576K

