# JRE version: Java(TM) SE Runtime Environment (8.0_162-b12) (build 1.8.0_162-b12)
# Java VM: Java HotSpot(TM) 64-Bit Server VM (25.162-b12 mixed mode windows-amd64 compressed oops)
Heap:
 PSYoungGen      total 68096K, used 5629K [0x00000000eb700000, 0x00000000f0200000, 0x0000000100000000)
  eden space 62464K, 0% used [0x00000000eb700000,0x00000000eb700000,0x00000000ef400000)
  from space 5632K, 99% used [0x00000000efa80000,0x00000000effff588,0x00000000f0000000)
  to   space 6656K, 0% used [0x00000000ef400000,0x00000000ef400000,0x00000000efa80000)
 ParOldGen       total 42496K, used 8417K [0x00000000c2400000, 0x00000000c4d80000, 0x00000000eb700000)
  object space 42496K, 19% used [0x00000000c2400000,0x00000000c2c38710,0x00000000c4d80000)
 Metaspace       used 20416K, capacity 21191K, committed 21296K, reserved 1067008K
  class space    used 2751K, capacity 2944K, committed 2944K, reserved 1048576K
GC Heap History (10 events):
Event: 2.098 GC heap after
Heap after GC invocations=2 (full 0):
 PSYoungGen      total 18432K, used 2544K [0x00000000eb700000, 0x00000000edb00000, 0x0000000100000000)
  eden space 15872K, 0% used [0x00000000eb700000,0x00000000eb700000,0x00000000ec680000)
  from space 2560K, 99% used [0x00000000ec900000,0x00000000ecb7c010,0x00000000ecb80000)
  to   space 2560K, 0% used [0x00000000ec680000,0x00000000ec680000,0x00000000ec900000)
 ParOldGen       total 42496K, used 2097K [0x00000000c2400000, 0x00000000c4d80000, 0x00000000eb700000)
  object space 42496K, 4% used [0x00000000c2400000,0x00000000c260c470,0x00000000c4d80000)
 Metaspace       used 11770K, capacity 12100K, committed 12416K, reserved 1060864K
  class space    used 1467K, capacity 1580K, committed 1664K, reserved 1048576K
}
Event: 2.396 GC heap before
{Heap before GC invocations=3 (full 0):
 PSYoungGen      total 18432K, used 18416K [0x00000000eb700000, 0x00000000edb00000, 0x0000000100000000)
  eden space 15872K, 100% used [0x00000000eb700000,0x00000000ec680000,0x00000000ec680000)
  from space 2560K, 99% used [0x00000000ec900000,0x00000000ecb7c010,0x00000000ecb80000)
  to   space 2560K, 0% used [0x00000000ec680000,0x00000000ec680000,0x00000000ec900000)
 ParOldGen       total 42496K, used 2097K [0x00000000c2400000, 0x00000000c4d80000, 0x00000000eb700000)
  object space 42496K, 4% used [0x00000000c2400000,0x00000000c260c470,0x00000000c4d80000)
 Metaspace       used 13635K, capacity 14012K, committed 14208K, reserved 1060864K
  class space    used 1726K, capacity 1825K, committed 1920K, reserved 1048576K
Event: 2.411 GC heap after
Heap after GC invocations=3 (full 0):
 PSYoungGen      total 18432K, used 2544K [0x00000000eb700000, 0x00000000edb00000, 0x0000000100000000)
  eden space 15872K, 0% used [0x00000000eb700000,0x00000000eb700000,0x00000000ec680000)
  from space 2560K, 99% used [0x00000000ec680000,0x00000000ec8fc010,0x00000000ec900000)
  to   space 2560K, 0% used [0x00000000ed880000,0x00000000ed880000,0x00000000edb00000)
 ParOldGen       total 42496K, used 3866K [0x00000000c2400000, 0x00000000c4d80000, 0x00000000eb700000)
  object space 42496K, 9% used [0x00000000c2400000,0x00000000c27c6be8,0x00000000c4d80000)
 Metaspace       used 13635K, capacity 14012K, committed 14208K, reserved 1060864K
  class space    used 1726K, capacity 1825K, committed 1920K, reserved 1048576K
}
Event: 2.661 GC heap before
{Heap before GC invocations=4 (full 0):
 PSYoungGen      total 18432K, used 18416K [0x00000000eb700000, 0x00000000edb00000, 0x0000000100000000)
  eden space 15872K, 100% used [0x00000000eb700000,0x00000000ec680000,0x00000000ec680000)
  from space 2560K, 99% used [0x00000000ec680000,0x00000000ec8fc010,0x00000000ec900000)
  to   space 2560K, 0% used [0x00000000ed880000,0x00000000ed880000,0x00000000edb00000)
 ParOldGen       total 42496K, used 3866K [0x00000000c2400000, 0x00000000c4d80000, 0x00000000eb700000)
  object space 42496K, 9% used [0x00000000c2400000,0x00000000c27c6be8,0x00000000c4d80000)
 Metaspace       used 14724K, capacity 15236K, committed 15488K, reserved 1062912K
  class space    used 1947K, capacity 2089K, committed 2176K, reserved 1048576K
Event: 2.675 GC heap after
Heap after GC invocations=4 (full 0):
 PSYoungGen      total 34304K, used 2544K [0x00000000eb700000, 0x00000000edb00000, 0x0000000100000000)
  eden space 31744K, 0% used [0x00000000eb700000,0x00000000eb700000,0x00000000ed600000)
  from space 2560K, 99% used [0x00000000ed880000,0x00000000edafc010,0x00000000edb00000)
  to   space 2560K, 0% used [0x00000000ed600000,0x00000000ed600000,0x00000000ed880000)
 ParOldGen       total 42496K, used 4957K [0x00000000c2400000, 0x00000000c4d80000, 0x00000000eb700000)
  object space 42496K, 11% used [0x00000000c2400000,0x00000000c28d7740,0x00000000c4d80000)
 Metaspace       used 14724K, capacity 15236K, committed 15488K, reserved 1062912K
  class space    used 1947K, capacity 2089K, committed 2176K, reserved 1048576K
}
Event: 3.233 GC heap before
{Heap before GC invocations=5 (full 0):
 PSYoungGen      total 34304K, used 34288K [0x00000000eb700000, 0x00000000edb00000, 0x0000000100000000)
  eden space 31744K, 100% used [0x00000000eb700000,0x00000000ed600000,0x00000000ed600000)
  from space 2560K, 99% used [0x00000000ed880000,0x00000000edafc010,0x00000000edb00000)
  to   space 2560K, 0% used [0x00000000ed600000,0x00000000ed600000,0x00000000ed880000)
 ParOldGen       total 42496K, used 4957K [0x00000000c2400000, 0x00000000c4d80000, 0x00000000eb700000)
  object space 42496K, 11% used [0x00000000c2400000,0x00000000c28d7740,0x00000000c4d80000)
 Metaspace       used 17085K, capacity 17734K, committed 17920K, reserved 1064960K
  class space    used 2317K, capacity 2478K, committed 2560K, reserved 1048576K
Event: 3.255 GC heap after
Heap after GC invocations=5 (full 0):
 PSYoungGen      total 34304K, used 2544K [0x00000000eb700000, 0x00000000f0000000, 0x0000000100000000)
  eden space 31744K, 0% used [0x00000000eb700000,0x00000000eb700000,0x00000000ed600000)
  from space 2560K, 99% used [0x00000000ed600000,0x00000000ed87c030,0x00000000ed880000)
  to   space 5632K, 0% used [0x00000000efa80000,0x00000000efa80000,0x00000000f0000000)
 ParOldGen       total 42496K, used 7926K [0x00000000c2400000, 0x00000000c4d80000, 0x00000000eb700000)
  object space 42496K, 18% used [0x00000000c2400000,0x00000000c2bbd860,0x00000000c4d80000)
 Metaspace       used 17085K, capacity 17734K, committed 17920K, reserved 1064960K
  class space    used 2317K, capacity 2478K, committed 2560K, reserved 1048576K
}
Event: 3.757 GC heap before
{Heap before GC invocations=6 (full 0):
 PSYoungGen      total 34304K, used 30779K [0x00000000eb700000, 0x00000000f0000000, 0x0000000100000000)
  eden space 31744K, 88% used [0x00000000eb700000,0x00000000ed292c60,0x00000000ed600000)
  from space 2560K, 99% used [0x00000000ed600000,0x00000000ed87c030,0x00000000ed880000)
  to   space 5632K, 0% used [0x00000000efa80000,0x00000000efa80000,0x00000000f0000000)
 ParOldGen       total 42496K, used 7926K [0x00000000c2400000, 0x00000000c4d80000, 0x00000000eb700000)
  object space 42496K, 18% used [0x00000000c2400000,0x00000000c2bbd860,0x00000000c4d80000)
 Metaspace       used 20416K, capacity 21191K, committed 21296K, reserved 1067008K
  class space    used 2751K, capacity 2944K, committed 2944K, reserved 1048576K
Event: 3.774 GC heap after
Heap after GC invocations=6 (full 0):
 PSYoungGen      total 68096K, used 5629K [0x00000000eb700000, 0x00000000f0200000, 0x0000000100000000)
  eden space 62464K, 0% used [0x00000000eb700000,0x00000000eb700000,0x00000000ef400000)
  from space 5632K, 99% used [0x00000000efa80000,0x00000000effff588,0x00000000f0000000)
  to   space 6656K, 0% used [0x00000000ef400000,0x00000000ef400000,0x00000000efa80000)
 ParOldGen       total 42496K, used 8417K [0x00000000c2400000, 0x00000000c4d80000, 0x00000000eb700000)
  object space 42496K, 19% used [0x00000000c2400000,0x00000000c2c38710,0x00000000c4d80000)
 Metaspace       used 20416K, capacity 21191K, committed 21296K, reserved 1067008K
  class space    used 2751K, capacity 2944K, committed 2944K, reserved 1048576K
}
Event: 3.774 GC heap before
{Heap before GC invocations=7 (full 1):
 PSYoungGen      total 68096K, used 5629K [0x00000000eb700000, 0x00000000f0200000, 0x0000000100000000)
  eden space 62464K, 0% used [0x00000000eb700000,0x00000000eb700000,0x00000000ef400000)
  from space 5632K, 99% used [0x00000000efa80000,0x00000000effff588,0x00000000f0000000)
  to   space 6656K, 0% used [0x00000000ef400000,0x00000000ef400000,0x00000000efa80000)
 ParOldGen       total 42496K, used 8417K [0x00000000c2400000, 0x00000000c4d80000, 0x00000000eb700000)
  object space 42496K, 19% used [0x00000000c2400000,0x00000000c2c38710,0x00000000c4d80000)
 Metaspace       used 20416K, capacity 21191K, committed 21296K, reserved 1067008K
  class space    used 2751K, capacity 2944K, committed 2944K, reserved 1048576K

